<?xml version="1.0" encoding="UTF-8"?>
<testsuite name="AddCreditTest" tests="1" skipped="0" failures="0" errors="0" timestamp="2018-11-19T16:11:38" hostname="JoaoMarques" time="0.018">
  <properties/>
  <testcase name="test3()" classname="AddCreditTest" time="0.018"/>
  <system-out><![CDATA[]]></system-out>
  <system-err><![CDATA[]]></system-err>
</testsuite>
